<?xml version="1.0" encoding="UTF-8"?>
<testng-results ignored="0" total="3" passed="3" failed="0" skipped="0">
  <reporter-output>
  </reporter-output>
  <suite started-at="2022-11-04T16:04:07 IST" name="Suite" finished-at="2022-11-04T16:06:47 IST" duration-ms="159947">
    <groups>
    </groups>
    <test started-at="2022-11-04T16:04:07 IST" name="Test" finished-at="2022-11-04T16:06:47 IST" duration-ms="159947">
      <class name="scripting.Testcase3">
        <test-method is-config="true" signature="openApp()[pri:0, instance:scripting.Testcase3@5e82df6a]" started-at="2022-11-04T16:04:07 IST" name="openApp" finished-at="2022-11-04T16:04:12 IST" duration-ms="5070" status="PASS">
          <reporter-output>
          </reporter-output>
        </test-method> <!-- openApp -->
        <test-method signature="tc3()[pri:0, instance:scripting.Testcase3@5e82df6a]" started-at="2022-11-04T16:04:12 IST" name="tc3" finished-at="2022-11-04T16:04:31 IST" duration-ms="19029" status="PASS">
          <reporter-output>
          </reporter-output>
        </test-method> <!-- tc3 -->
        <test-method is-config="true" signature="closeApp(org.testng.ITestResult)[pri:0, instance:scripting.Testcase3@5e82df6a]" started-at="2022-11-04T16:04:31 IST" name="closeApp" finished-at="2022-11-04T16:04:31 IST" duration-ms="394" status="PASS">
          <params>
            <param index="0">
              <value>
                <![CDATA[[TestResult name=tc3 status=SUCCESS method=Testcase3.tc3()[pri:0, instance:scripting.Testcase3@5e82df6a] output={null}]]]>
              </value>
            </param>
          </params>
          <reporter-output>
          </reporter-output>
        </test-method> <!-- closeApp -->
      </class> <!-- scripting.Testcase3 -->
      <class name="scripting.Testcase1">
        <test-method is-config="true" signature="openApp()[pri:0, instance:scripting.Testcase1@20deea7f]" started-at="2022-11-04T16:04:31 IST" name="openApp" finished-at="2022-11-04T16:04:35 IST" duration-ms="3816" status="PASS">
          <reporter-output>
          </reporter-output>
        </test-method> <!-- openApp -->
        <test-method signature="tcl()[pri:0, instance:scripting.Testcase1@20deea7f]" started-at="2022-11-04T16:04:35 IST" name="tcl" finished-at="2022-11-04T16:05:24 IST" duration-ms="48858" status="PASS">
          <reporter-output>
          </reporter-output>
        </test-method> <!-- tcl -->
        <test-method is-config="true" signature="closeApp(org.testng.ITestResult)[pri:0, instance:scripting.Testcase1@20deea7f]" started-at="2022-11-04T16:05:24 IST" name="closeApp" finished-at="2022-11-04T16:05:24 IST" duration-ms="303" status="PASS">
          <params>
            <param index="0">
              <value>
                <![CDATA[[TestResult name=tcl status=SUCCESS method=Testcase1.tcl()[pri:0, instance:scripting.Testcase1@20deea7f] output={null}]]]>
              </value>
            </param>
          </params>
          <reporter-output>
          </reporter-output>
        </test-method> <!-- closeApp -->
      </class> <!-- scripting.Testcase1 -->
      <class name="scripting.Testcase2">
        <test-method is-config="true" signature="openApp()[pri:0, instance:scripting.Testcase2@3835c46]" started-at="2022-11-04T16:05:24 IST" name="openApp" finished-at="2022-11-04T16:05:28 IST" duration-ms="3865" status="PASS">
          <reporter-output>
          </reporter-output>
        </test-method> <!-- openApp -->
        <test-method signature="tc2()[pri:0, instance:scripting.Testcase2@3835c46]" started-at="2022-11-04T16:05:28 IST" name="tc2" finished-at="2022-11-04T16:06:46 IST" duration-ms="78202" status="PASS">
          <reporter-output>
          </reporter-output>
        </test-method> <!-- tc2 -->
        <test-method is-config="true" signature="closeApp(org.testng.ITestResult)[pri:0, instance:scripting.Testcase2@3835c46]" started-at="2022-11-04T16:06:46 IST" name="closeApp" finished-at="2022-11-04T16:06:47 IST" duration-ms="352" status="PASS">
          <params>
            <param index="0">
              <value>
                <![CDATA[[TestResult name=tc2 status=SUCCESS method=Testcase2.tc2()[pri:0, instance:scripting.Testcase2@3835c46] output={null}]]]>
              </value>
            </param>
          </params>
          <reporter-output>
          </reporter-output>
        </test-method> <!-- closeApp -->
      </class> <!-- scripting.Testcase2 -->
    </test> <!-- Test -->
  </suite> <!-- Suite -->
</testng-results>
